<?xml version="1.0" encoding="UTF-8"?>
<testsuite name="ru.swvalerian.testcontainersdemo.rest.TempControllerTest" tests="2" skipped="0" failures="0" errors="0" timestamp="2023-12-17T11:20:24" hostname="DESKTOP-BPPG5FA" time="0.53">
  <properties/>
  <testcase name="test_dynamicPropertyValuesOfSpringEnvironment()" classname="ru.swvalerian.testcontainersdemo.rest.TempControllerTest" time="0.366"/>
  <testcase name="getTempFrom()" classname="ru.swvalerian.testcontainersdemo.rest.TempControllerTest" time="0.162"/>
  <system-out><![CDATA[20:20:18.914 [Test worker] INFO org.springframework.test.context.support.AnnotationConfigContextLoaderUtils -- Could not detect default configuration classes for test class [ru.swvalerian.testcontainersdemo.rest.TempControllerTest]: TempControllerTest does not declare any static, non-private, non-final, nested classes annotated with @Configuration.
20:20:19.019 [Test worker] INFO org.springframework.boot.test.context.SpringBootTestContextBootstrapper -- Found @SpringBootConfiguration ru.swvalerian.testcontainersdemo.TestcontainersDemoApplication for test class ru.swvalerian.testcontainersdemo.rest.TempControllerTest
20:20:19.109 [Test worker] INFO org.testcontainers.images.PullPolicy -- Image pull policy will be performed by: DefaultPullPolicy()
20:20:19.111 [Test worker] INFO org.testcontainers.utility.ImageNameSubstitutor -- Image name substitution will be performed by: DefaultImageNameSubstitutor (composite of 'ConfigurationFileImageNameSubstitutor' and 'PrefixingImageNameSubstitutor')
20:20:19.245 [Test worker] INFO org.testcontainers.dockerclient.DockerClientProviderStrategy -- Loaded org.testcontainers.dockerclient.NpipeSocketClientProviderStrategy from ~/.testcontainers.properties, will try it first
20:20:19.452 [Test worker] INFO org.testcontainers.dockerclient.DockerClientProviderStrategy -- Found Docker environment with local Npipe socket (npipe:////./pipe/docker_engine)
20:20:19.454 [Test worker] INFO org.testcontainers.DockerClientFactory -- Docker host IP address is localhost
20:20:19.471 [Test worker] INFO org.testcontainers.DockerClientFactory -- Connected to docker: 
  Server Version: 24.0.7
  API Version: 1.43
  Operating System: Docker Desktop
  Total Memory: 15925 MB
20:20:19.495 [Test worker] INFO tc.testcontainers/ryuk:0.5.1 -- Creating container for image: testcontainers/ryuk:0.5.1
20:20:19.626 [Test worker] INFO org.testcontainers.utility.RegistryAuthLocator -- Credential helper/store (docker-credential-desktop) does not have credentials for https://index.docker.io/v1/
20:20:19.724 [Test worker] INFO tc.testcontainers/ryuk:0.5.1 -- Container testcontainers/ryuk:0.5.1 is starting: 9ef80bb6c1952ee08a3d2f208fd812cccc6fc8e2e6ba156816cfbce31796b986
20:20:20.073 [Test worker] INFO tc.testcontainers/ryuk:0.5.1 -- Container testcontainers/ryuk:0.5.1 started in PT0.5783703S
20:20:20.078 [Test worker] INFO org.testcontainers.utility.RyukResourceReaper -- Ryuk started - will monitor and terminate Testcontainers containers on JVM exit
20:20:20.078 [Test worker] INFO org.testcontainers.DockerClientFactory -- Checking the system...
20:20:20.079 [Test worker] INFO org.testcontainers.DockerClientFactory -- ?? Docker server version should be at least 1.6.0
20:20:20.079 [Test worker] INFO tc.postgres:13.3 -- Creating container for image: postgres:13.3
20:20:20.120 [Test worker] INFO tc.postgres:13.3 -- Container postgres:13.3 is starting: a72b52111094234304757b999a9f55e616d015371ae857b195af95a1e2ec1981
20:20:21.238 [Test worker] INFO tc.postgres:13.3 -- Container postgres:13.3 started in PT1.1584115S
20:20:21.239 [Test worker] INFO tc.postgres:13.3 -- Container is started (JDBC URL: jdbc:postgresql://localhost:62674/table?loggerLevel=OFF)

  .   ____          _            __ _ _
 /\\ / ___'_ __ _ _(_)_ __  __ _ \ \ \ \
( ( )\___ | '_ | '_| | '_ \/ _` | \ \ \ \
 \\/  ___)| |_)| | | | | || (_| |  ) ) ) )
  '  |____| .__|_| |_|_| |_\__, | / / / /
 =========|_|==============|___/=/_/_/_/
 :: Spring Boot ::                (v3.2.0)

2023-12-17T20:20:21.476+09:00  INFO 23712 --- [    Test worker] r.s.t.rest.TempControllerTest            : Starting TempControllerTest using Java 17.0.9 with PID 23712 (started by swvalerian in C:\Java\testcontainers-demo)
2023-12-17T20:20:21.476+09:00  INFO 23712 --- [    Test worker] r.s.t.rest.TempControllerTest            : No active profile set, falling back to 1 default profile: "default"
2023-12-17T20:20:21.906+09:00  INFO 23712 --- [    Test worker] .s.d.r.c.RepositoryConfigurationDelegate : Bootstrapping Spring Data JPA repositories in DEFAULT mode.
2023-12-17T20:20:21.968+09:00  INFO 23712 --- [    Test worker] .s.d.r.c.RepositoryConfigurationDelegate : Finished Spring Data repository scanning in 40 ms. Found 1 JPA repository interface.
2023-12-17T20:20:22.401+09:00  INFO 23712 --- [    Test worker] o.f.c.internal.license.VersionPrinter    : Flyway Community Edition 9.22.3 by Redgate
2023-12-17T20:20:22.401+09:00  INFO 23712 --- [    Test worker] o.f.c.internal.license.VersionPrinter    : See release notes here: https://rd.gt/416ObMi
2023-12-17T20:20:22.401+09:00  INFO 23712 --- [    Test worker] o.f.c.internal.license.VersionPrinter    : 
2023-12-17T20:20:22.428+09:00  INFO 23712 --- [    Test worker] org.flywaydb.core.FlywayExecutor         : Database: jdbc:postgresql://localhost:62674/table (PostgreSQL 13.3)
2023-12-17T20:20:22.454+09:00  INFO 23712 --- [    Test worker] o.f.c.i.s.JdbcTableSchemaHistory         : Schema history table "public"."flyway_schema_history" does not exist yet
2023-12-17T20:20:22.458+09:00  INFO 23712 --- [    Test worker] o.f.core.internal.command.DbValidate     : Successfully validated 1 migration (execution time 00:00.015s)
2023-12-17T20:20:22.473+09:00  INFO 23712 --- [    Test worker] o.f.c.i.s.JdbcTableSchemaHistory         : Creating Schema History table "public"."flyway_schema_history" ...
2023-12-17T20:20:22.510+09:00  INFO 23712 --- [    Test worker] o.f.core.internal.command.DbMigrate      : Current version of schema "public": << Empty Schema >>
2023-12-17T20:20:22.517+09:00  INFO 23712 --- [    Test worker] o.f.core.internal.command.DbMigrate      : Migrating schema "public" to version "1 - 12 16 2023"
2023-12-17T20:20:22.533+09:00  INFO 23712 --- [    Test worker] o.f.core.internal.command.DbMigrate      : Successfully applied 1 migration to schema "public", now at version v1 (execution time 00:00.005s)
2023-12-17T20:20:22.570+09:00  INFO 23712 --- [    Test worker] com.zaxxer.hikari.HikariDataSource       : HikariPool-1 - Starting...
2023-12-17T20:20:22.605+09:00  INFO 23712 --- [    Test worker] com.zaxxer.hikari.pool.HikariPool        : HikariPool-1 - Added connection org.postgresql.jdbc.PgConnection@4d8f2cfd
2023-12-17T20:20:22.606+09:00  INFO 23712 --- [    Test worker] com.zaxxer.hikari.HikariDataSource       : HikariPool-1 - Start completed.
2023-12-17T20:20:22.646+09:00  INFO 23712 --- [    Test worker] o.hibernate.jpa.internal.util.LogHelper  : HHH000204: Processing PersistenceUnitInfo [name: default]
2023-12-17T20:20:22.693+09:00  INFO 23712 --- [    Test worker] org.hibernate.Version                    : HHH000412: Hibernate ORM core version 6.3.1.Final
2023-12-17T20:20:22.727+09:00  INFO 23712 --- [    Test worker] o.h.c.internal.RegionFactoryInitiator    : HHH000026: Second-level cache disabled
2023-12-17T20:20:22.929+09:00  INFO 23712 --- [    Test worker] o.s.o.j.p.SpringPersistenceUnitInfo      : No LoadTimeWeaver setup: ignoring JPA class transformer
2023-12-17T20:20:23.544+09:00  INFO 23712 --- [    Test worker] o.h.e.t.j.p.i.JtaPlatformInitiator       : HHH000489: No JTA platform available (set 'hibernate.transaction.jta.platform' to enable JTA platform integration)
2023-12-17T20:20:23.544+09:00  INFO 23712 --- [    Test worker] j.LocalContainerEntityManagerFactoryBean : Initialized JPA EntityManagerFactory for persistence unit 'default'
2023-12-17T20:20:23.841+09:00  WARN 23712 --- [    Test worker] JpaBaseConfiguration$JpaWebConfiguration : spring.jpa.open-in-view is enabled by default. Therefore, database queries may be performed during view rendering. Explicitly configure spring.jpa.open-in-view to disable this warning
2023-12-17T20:20:24.154+09:00  INFO 23712 --- [    Test worker] o.s.b.t.m.w.SpringBootMockServletContext : Initializing Spring TestDispatcherServlet ''
2023-12-17T20:20:24.154+09:00  INFO 23712 --- [    Test worker] o.s.t.web.servlet.TestDispatcherServlet  : Initializing Servlet ''
2023-12-17T20:20:24.154+09:00  INFO 23712 --- [    Test worker] o.s.t.web.servlet.TestDispatcherServlet  : Completed initialization in 0 ms
2023-12-17T20:20:24.169+09:00  INFO 23712 --- [    Test worker] r.s.t.rest.TempControllerTest            : Started TempControllerTest in 2.903 seconds (process running for 5.851)
]]></system-out>
  <system-err><![CDATA[]]></system-err>
</testsuite>
